Determining if the include file pthread.h exists failed with the following output:
Change Dir: F:/winSockMultithreads/Server/cmake-build-debug/CMakeFiles/CMakeTmp

Run Build Command:"C:/MinGW/bin/mingw32-make.exe" "cmTC_29639/fast"
C:/MinGW/bin/mingw32-make.exe -f CMakeFiles\cmTC_29639.dir\build.make CMakeFiles/cmTC_29639.dir/build
mingw32-make.exe[1]: Entering directory 'F:/winSockMultithreads/Server/cmake-build-debug/CMakeFiles/CMakeTmp'
Building C object CMakeFiles/cmTC_29639.dir/CheckIncludeFile.c.obj
C:\MinGW\bin\gcc.exe    -o CMakeFiles\cmTC_29639.dir\CheckIncludeFile.c.obj   -c F:\winSockMultithreads\Server\cmake-build-debug\CMakeFiles\CMakeTmp\CheckIncludeFile.c
In file included from F:\winSockMultithreads\Server\cmake-build-debug\CMakeFiles\CMakeTmp\CheckIncludeFile.c:1:0:
c:\mingw\include\pthread.h:320:8: error: redefinition of 'struct timespec'
 struct timespec {
        ^~~~~~~~
In file included from c:\mingw\include\pthread.h:219:0,
                 from F:\winSockMultithreads\Server\cmake-build-debug\CMakeFiles\CMakeTmp\CheckIncludeFile.c:1:
c:\mingw\include\time.h:115:8: note: originally defined here
 struct timespec
        ^~~~~~~~
CMakeFiles\cmTC_29639.dir\build.make:64: recipe for target 'CMakeFiles/cmTC_29639.dir/CheckIncludeFile.c.obj' failed
mingw32-make.exe[1]: *** [CMakeFiles/cmTC_29639.dir/CheckIncludeFile.c.obj] Error 1
mingw32-make.exe[1]: Leaving directory 'F:/winSockMultithreads/Server/cmake-build-debug/CMakeFiles/CMakeTmp'
Makefile:125: recipe for target 'cmTC_29639/fast' failed
mingw32-make.exe: *** [cmTC_29639/fast] Error 2


